[02:49:50] [ServerMain/INFO]: [bootstrap] Running Java 21 (OpenJDK 64-Bit Server VM 21.0.7+6-Ubuntu-0ubuntu120.04; Ubuntu null) on Linux 6.8.0-1027-azure (amd64)
[02:49:50] [ServerMain/INFO]: [bootstrap] Loading Paper 1.21.1-57-master@b483da4 (2024-09-01T18:09:05Z) for Minecraft 1.21.1
[02:49:50] [ServerMain/INFO]: [PluginInitializerManager] Initializing plugins...
[02:49:52] [ServerMain/INFO]: [PluginInitializerManager] Initialized 7 plugins
[02:49:52] [ServerMain/INFO]: [PluginInitializerManager] Bukkit plugins (7):
 - GSit (2.3.0), Graves (4.9.7), LevelledMobs (4.3.1 b112), LockShulker (1.0), LuckPerms (5.4.158), SkinsRestorer (15.6.3), SmoothTimber (1.27.4)
[02:49:57] [ServerMain/INFO]: Environment: Environment[sessionHost=https://sessionserver.mojang.com, servicesHost=https://api.minecraftservices.com, name=PROD]
[02:49:59] [ServerMain/INFO]: Loaded 1290 recipes
[02:50:00] [ServerMain/INFO]: Loaded 1399 advancements
[02:50:00] [Server thread/INFO]: Starting minecraft server version 1.21.1
[02:50:00] [Server thread/INFO]: Loading properties
[02:50:00] [Server thread/INFO]: This server is running Paper version 1.21.1-57-master@b483da4 (2024-09-01T18:09:05Z) (Implementing API version 1.21.1-R0.1-SNAPSHOT)
[02:50:01] [Server thread/INFO]: [spark] This server bundles the spark profiler. For more information please visit https://docs.papermc.io/paper/profiling
[02:50:01] [Server thread/INFO]: Server Ping Player Sample Count: 12
[02:50:01] [Server thread/INFO]: Using 4 threads for Netty based IO
[02:50:02] [Server thread/INFO]: [ChunkTaskScheduler] Chunk system is using 1 I/O threads, 1 worker threads, and population gen parallelism of 1 threads
[02:50:02] [Server thread/INFO]: Default game type: SURVIVAL
[02:50:02] [Server thread/INFO]: Generating keypair
[02:50:02] [Server thread/INFO]: Starting Minecraft server on *:25565
[02:50:02] [Server thread/INFO]: Using epoll channel type
[02:50:03] [Server thread/INFO]: Paper: Using libdeflate (Linux x86_64) compression from Velocity.
[02:50:03] [Server thread/INFO]: Paper: Using OpenSSL 1.1.x (Linux x86_64) cipher from Velocity.
[02:50:06] [Server thread/INFO]: [LevelledMobs] Loading server plugin LevelledMobs v4.3.1 b112
[02:50:06] [Server thread/INFO]: [LevelledMobs] Loading commands
[02:50:07] [Server thread/INFO]: [Graves] Loading server plugin Graves v4.9.7
[02:50:07] [Server thread/INFO]: [LuckPerms] Loading server plugin LuckPerms v5.4.158
[02:50:08] [Server thread/INFO]: [LockShulker] Loading server plugin LockShulker v1.0
[02:50:08] [Server thread/INFO]: [SkinsRestorer] Loading server plugin SkinsRestorer v15.6.3
[02:50:08] [Server thread/INFO]: [SmoothTimber] Loading server plugin SmoothTimber v1.27.4
[02:50:08] [Server thread/INFO]: [GSit] Loading server plugin GSit v2.3.0
[02:50:08] [Server thread/INFO]: Server permissions file permissions.yml is empty, ignoring it
[02:50:08] [Server thread/INFO]: [LuckPerms] Enabling LuckPerms v5.4.158
[02:50:08] [Server thread/INFO]:         __    
[02:50:08] [Server thread/INFO]:   |    |__)   LuckPerms v5.4.158
[02:50:08] [Server thread/INFO]:   |___ |      Running on Bukkit - Paper
[02:50:08] [Server thread/INFO]: 
[02:50:08] [Server thread/INFO]: [LuckPerms] Loading configuration...
[02:50:08] [Server thread/INFO]: [LuckPerms] Loading storage provider... [H2]
[02:50:09] [Server thread/INFO]: [LuckPerms] Loading internal permission managers...
[02:50:09] [Server thread/INFO]: [LuckPerms] Performing initial data load...
[02:50:09] [Server thread/INFO]: [LuckPerms] Successfully enabled. (took 1292ms)
[02:50:09] [Server thread/INFO]: [SkinsRestorer] Enabling SkinsRestorer v15.6.3
[02:50:11] [Server thread/INFO]: [SkinsRestorer] Running on Minecraft 1.21.1.
[02:50:13] [Server thread/INFO]: [SkinsRestorer] Using paper join listener!
[02:50:13] [Server thread/WARN]: **** SERVER IS RUNNING IN OFFLINE/INSECURE MODE!
[02:50:13] [Server thread/WARN]: The server will make no attempt to authenticate usernames. Beware.
[02:50:13] [Server thread/WARN]: While this makes the game possible to play without internet access, it also opens up the ability for hackers to connect with any username they choose.
[02:50:13] [Server thread/WARN]: To change this, set "online-mode" to "true" in the server.properties file.
[02:50:13] [Server thread/INFO]: Preparing level "world"
[02:50:13] [Folia Async Scheduler Thread #1/INFO]: [SkinsRestorer] ----------------------------------------------
[02:50:13] [Folia Async Scheduler Thread #1/INFO]: [SkinsRestorer]     +==================+
[02:50:13] [Folia Async Scheduler Thread #1/INFO]: [SkinsRestorer]     |   SkinsRestorer  |
[02:50:13] [Folia Async Scheduler Thread #1/INFO]: [SkinsRestorer]     |------------------|
[02:50:13] [Folia Async Scheduler Thread #1/INFO]: [SkinsRestorer]     |  Standalone Mode |
[02:50:13] [Folia Async Scheduler Thread #1/INFO]: [SkinsRestorer]     +==================+
[02:50:13] [Folia Async Scheduler Thread #1/INFO]: [SkinsRestorer] ----------------------------------------------
[02:50:13] [Folia Async Scheduler Thread #1/INFO]: [SkinsRestorer]     Version: 15.6.3
[02:50:13] [Folia Async Scheduler Thread #1/INFO]: [SkinsRestorer]     Commit: 7eb6dc6
[02:50:13] [Folia Async Scheduler Thread #1/INFO]: [SkinsRestorer]     This is the latest version!
[02:50:13] [Folia Async Scheduler Thread #1/INFO]: [SkinsRestorer] ----------------------------------------------
[02:50:13] [Folia Async Scheduler Thread #1/INFO]: [SkinsRestorer] Do you have issues? Read our troubleshooting guide: https://skinsrestorer.net/docs/troubleshooting
[02:50:13] [Folia Async Scheduler Thread #1/INFO]: [SkinsRestorer] Want to support SkinsRestorer? Consider donating: https://skinsrestorer.net/donate
[02:50:13] [Server thread/INFO]: Preparing start region for dimension minecraft:overworld
[02:50:15] [Server thread/INFO]: Time elapsed: 1980 ms
[02:50:15] [Server thread/INFO]: Preparing start region for dimension minecraft:the_nether
[02:50:16] [Server thread/INFO]: Time elapsed: 877 ms
[02:50:16] [Server thread/INFO]: Preparing start region for dimension minecraft:the_end
[02:50:17] [Server thread/INFO]: Time elapsed: 870 ms
[02:50:17] [Server thread/INFO]: [LevelledMobs] Enabling LevelledMobs v4.3.1 b112
[02:50:17] [Server thread/INFO]: [LevelledMobs] Enabling commands
[02:50:17] [Server thread/INFO]: [LevelledMobs] Building reflection cache, use simple names: true
[02:50:17] [Server thread/INFO]: [LevelledMobs] Using NMS version 1.21.1 for nametag support
[02:50:17] [Server thread/INFO]: [LevelledMobs] File Loader: Loading files...
[02:50:17] [Server thread/INFO]: [LevelledMobs] File Loader: Loading file 'settings.yml'...
[02:50:17] [Server thread/INFO]: [LevelledMobs] File Loader: Loading file 'messages.yml'...
[02:50:17] [Server thread/INFO]: [LevelledMobs] File Loader: Loading file 'externalplugins.yml'...
[02:50:17] [Server thread/INFO]: [LevelledMobs] File Loader: Loading file 'rules.yml'...
[02:50:18] [Server thread/INFO]: [LevelledMobs] Current rules hash: 9b0f48e3273bb9cc29d2891ad33fb3410fec8cf1e77c2092ff670fd38f6d4ff5
[02:50:18] [Server thread/INFO]: [LevelledMobs] File Loader: Loading file 'customdrops.yml'...
[02:50:18] [Server thread/INFO]: [LevelledMobs] Listeners: Registering event listeners...
[02:50:18] [Server thread/INFO]: [LevelledMobs] Running misc procedures
[02:50:18] [Server thread/INFO]: [LevelledMobs] Tasks: Starting async nametag auto update task...
[02:50:18] [Server thread/INFO]: [LevelledMobs] Start-up complete (took 876ms)
[02:50:18] [Server thread/INFO]: [Graves] Enabling Graves v4.9.7
[02:50:18] [Server thread/INFO]: [Graves] Integration: Hooked into MiniMessage.
[02:50:19] [Server thread/INFO]: [LockShulker] Enabling LockShulker v1.0
[02:50:19] [Server thread/INFO]: [LockShulker] LockShulker включен!
[02:50:19] [Server thread/INFO]: [SmoothTimber] Enabling SmoothTimber v1.27.4
[02:50:19] [Server thread/INFO]: SmoothTimber || You're currently using the supported Minecraft Version 1.21.1 (Core v1_20x)
[02:50:19] [Server thread/INFO]: [GSit] Enabling GSit v2.3.0
[02:50:19] [Server thread/INFO]: [GSit] The plugin was successfully enabled.
[02:50:19] [Server thread/INFO]: [spark] Starting background profiler...
[02:50:20] [Server thread/INFO]: Done preparing level "world" (7.849s)
[02:50:20] [Server thread/INFO]: Running delayed init tasks
[02:50:21] [Server thread/INFO]: Done (32.766s)! For help, type "help"
[02:50:21] [Server thread/INFO]: Timings Reset
[02:50:21] [Craft Scheduler Thread - 5 - LevelledMobs/WARN]: [LevelledMobs] LevelledMobs Update Checker Notice:
[02:50:21] [Craft Scheduler Thread - 5 - LevelledMobs/WARN]: [LevelledMobs] Your LevelledMobs version is outdated! Please update to v4.3.1.1 as soon as possible. (You're running v4.3.1)
[02:50:30] [User Authenticator #0/INFO]: UUID of player jhonwuyck722 is 22f109f5-0b6d-34a0-824b-497aa73b1c40
[02:50:33] [Server thread/INFO]: jhonwuyck722 joined the game
[02:50:33] [Server thread/INFO]: jhonwuyck722[/127.165.79.116:41939] logged in with entity id 76 at ([world]11590.601497748647, 71.0, -3720.2308153472513)
[02:51:27] [User Authenticator #0/INFO]: UUID of player jp7806073 is 68efd73e-a0cd-33f7-a574-2c7e5d7949df
[02:51:31] [Server thread/INFO]: jp7806073 joined the game
[02:51:31] [Server thread/INFO]: jp7806073[/127.165.79.116:46201] logged in with entity id 320 at ([world]10893.50945149071, 65.25220334025373, -5084.699999988079)
[02:51:31] [Server thread/WARN]: [ca.spottedleaf.moonrise.patches.chunk_system.level.entity.EntityLookup] Entity uuid already exists: 7c9c4a41-f476-43e4-9264-438bbf86acb4, mapped to Bat['Bat'/348, uuid='7c9c4a41-f476-43e4-9264-438bbf86acb4', l='ServerLevel[world]', x=10936.60, y=-20.91, z=-5080.13, cpos=[683, -318], tl=14, v=true], can't add Bat['Bat'/383, uuid='7c9c4a41-f476-43e4-9264-438bbf86acb4', l='ServerLevel[world]', x=10949.71, y=-23.37, z=-5094.75, cpos=[684, -319], tl=427, v=false]
[02:51:33] [Server thread/WARN]: [ca.spottedleaf.moonrise.patches.chunk_system.level.entity.EntityLookup] Entity uuid already exists: 838eb9b2-10af-4980-9efe-22dcad517137, mapped to Bat['Bat'/472, uuid='838eb9b2-10af-4980-9efe-22dcad517137', l='ServerLevel[world]', x=10973.42, y=21.04, z=-5151.78, cpos=[685, -322], tl=221, v=true], can't add Bat['Bat'/490, uuid='838eb9b2-10af-4980-9efe-22dcad517137', l='ServerLevel[world]', x=10966.98, y=21.88, z=-5156.08, cpos=[685, -323], tl=367, v=false]
[02:59:29] [Server thread/INFO]: jp7806073 lost connection: Disconnected
[02:59:29] [Server thread/INFO]: jp7806073 left the game
